0 info it worked if it ends with ok
1 verbose cli [ '/usr/local/bin/node', '/usr/local/bin/npm', 'install', '-g' ]
2 info using npm@1.4.28
3 info using node@v0.10.33
4 verbose cache add [ '.', null ]
5 verbose cache add name=undefined spec="." args=[".",null]
6 verbose parsed url { protocol: null,
6 verbose parsed url   slashes: null,
6 verbose parsed url   auth: null,
6 verbose parsed url   host: null,
6 verbose parsed url   port: null,
6 verbose parsed url   hostname: null,
6 verbose parsed url   hash: null,
6 verbose parsed url   search: null,
6 verbose parsed url   query: null,
6 verbose parsed url   pathname: '.',
6 verbose parsed url   path: '.',
6 verbose parsed url   href: '.' }
7 silly lockFile 3a52ce78- .
8 verbose lock . /home/jose/.npm/3a52ce78-.lock
9 verbose tar pack [ '/home/jose/.npm/etherpad-cli-client/0.0.1/package.tgz', '.' ]
10 verbose tarball /home/jose/.npm/etherpad-cli-client/0.0.1/package.tgz
11 verbose folder .
12 info prepublish etherpad-cli-client@0.0.1
13 silly lockFile 1f1177db-tar tar://.
14 verbose lock tar://. /home/jose/.npm/1f1177db-tar.lock
15 silly lockFile 93cd40a9-pad-cli-client-0-0-1-package-tgz tar:///home/jose/.npm/etherpad-cli-client/0.0.1/package.tgz
16 verbose lock tar:///home/jose/.npm/etherpad-cli-client/0.0.1/package.tgz /home/jose/.npm/93cd40a9-pad-cli-client-0-0-1-package-tgz.lock
17 silly lockFile 1f1177db-tar tar://.
18 silly lockFile 1f1177db-tar tar://.
19 silly lockFile 93cd40a9-pad-cli-client-0-0-1-package-tgz tar:///home/jose/.npm/etherpad-cli-client/0.0.1/package.tgz
20 silly lockFile 93cd40a9-pad-cli-client-0-0-1-package-tgz tar:///home/jose/.npm/etherpad-cli-client/0.0.1/package.tgz
21 silly lockFile ff9d4627-therpad-cli-client-0-0-1-package /home/jose/.npm/etherpad-cli-client/0.0.1/package
22 verbose lock /home/jose/.npm/etherpad-cli-client/0.0.1/package /home/jose/.npm/ff9d4627-therpad-cli-client-0-0-1-package.lock
23 silly lockFile ff9d4627-therpad-cli-client-0-0-1-package /home/jose/.npm/etherpad-cli-client/0.0.1/package
24 silly lockFile ff9d4627-therpad-cli-client-0-0-1-package /home/jose/.npm/etherpad-cli-client/0.0.1/package
25 silly lockFile 3a52ce78- .
26 silly lockFile 3a52ce78- .
27 error addLocal Could not install .
28 error Error: EACCES, open '/home/jose/.npm/etherpad-cli-client/0.0.1/package/package.json'
28 error  { [Error: EACCES, open '/home/jose/.npm/etherpad-cli-client/0.0.1/package/package.json']
28 error   errno: 3,
28 error   code: 'EACCES',
28 error   path: '/home/jose/.npm/etherpad-cli-client/0.0.1/package/package.json' }
29 error Please try running this command again as root/Administrator.
30 error System Linux 3.13.0-45-generic
31 error command "/usr/local/bin/node" "/usr/local/bin/npm" "install" "-g"
32 error cwd /home/jose/etherpad-cli-client
33 error node -v v0.10.33
34 error npm -v 1.4.28
35 error path /home/jose/.npm/etherpad-cli-client/0.0.1/package/package.json
36 error code EACCES
37 error errno 3
38 error stack Error: EACCES, open '/home/jose/.npm/etherpad-cli-client/0.0.1/package/package.json'
39 verbose exit [ 3, true ]
